<?xml version="1.0" encoding="UTF-8"?>
<!-- Generated by org.testng.reporters.JUnitXMLReporter -->
<testsuite hostname="Jasdeeps-MacBook-Pro.local" ignored="0" name="Command line test" tests="2" failures="1" timestamp="22 Mar 2017 18:19:26 GMT" time="4.27" errors="0">
  <testcase name="test2" time="2.42" classname="Selenium_Project.Google_search.AppTest"/>
  <testcase name="test3" time="0.0" classname="Selenium_Project.Google_search.AppTest">
    <failure type="java.lang.NullPointerException">
      <![CDATA[java.lang.NullPointerException
	at Selenium_Project.Google_search.AppTest.test3(AppTest.java:37)
... Removed 34 stack frames]]>
    </failure>
  </testcase> <!-- test3 -->
</testsuite> <!-- Command line test -->
