<?xml version="1.0" encoding="UTF-8"?>
<testng-results skipped="0" failed="0" ignored="0" total="1" passed="1">
  <reporter-output>
  </reporter-output>
  <suite name="Suite" duration-ms="3092" started-at="2017-03-21T09:36:35Z" finished-at="2017-03-21T09:36:38Z">
    <groups>
    </groups>
    <test name="Test" duration-ms="3092" started-at="2017-03-21T09:36:35Z" finished-at="2017-03-21T09:36:38Z">
      <class name="Selenium_Project.Google_search.AppTest">
        <test-method status="PASS" signature="test1()[pri:0, instance:Selenium_Project.Google_search.AppTest@396a51ab]" name="test1" duration-ms="3076" started-at="2017-03-21T15:06:35Z" finished-at="2017-03-21T15:06:38Z">
          <reporter-output>
          </reporter-output>
        </test-method> <!-- test1 -->
      </class> <!-- Selenium_Project.Google_search.AppTest -->
    </test> <!-- Test -->
  </suite> <!-- Suite -->
</testng-results>
